2025-10-14 01:16:32,506 - db_helper - INFO - fetch_expense_summary called with start_date:2024-08-01, end_date:2024-08-05
2025-10-14 01:20:19,336 - db_helper - INFO - fetch_expense_summary called with start_date:2024-08-01, end_date:2024-08-05
2025-10-14 01:21:44,729 - db_helper - INFO - delete_expenses_for_date called with 2024-08-28
2025-10-14 01:21:44,852 - db_helper - INFO - insert_expenses_for_date called with date:2024-08-28, amount:2000, category:Toycar, notes:Mercedes Benz
2025-10-14 12:43:49,427 - db_helper - INFO - fetch_expenses_for_date called with 2024-08-01
2025-10-14 12:44:00,700 - db_helper - INFO - fetch_expenses_for_date called with 2024-08-01
2025-10-14 12:44:06,866 - db_helper - INFO - fetch_expenses_for_date called with 2024-08-02
2025-10-14 12:44:18,050 - db_helper - INFO - fetch_expenses_for_date called with 2024-08-09
2025-10-14 12:44:23,881 - db_helper - INFO - fetch_expenses_for_date called with 2024-08-07
2025-10-14 12:44:31,079 - db_helper - INFO - fetch_expenses_for_date called with 2024-07-11
2025-10-14 12:44:37,412 - db_helper - INFO - fetch_expenses_for_date called with 2024-08-12
2025-10-14 12:44:40,732 - db_helper - INFO - fetch_expenses_for_date called with 2024-08-11
2025-10-14 12:44:48,584 - db_helper - INFO - fetch_expenses_for_date called with 2024-08-07
2025-10-14 12:44:53,672 - db_helper - INFO - fetch_expenses_for_date called with 2024-08-08
2025-10-14 12:44:57,774 - db_helper - INFO - fetch_expenses_for_date called with 2024-08-01
2025-10-14 12:51:34,165 - db_helper - INFO - fetch_expenses_for_date called with 2024-08-01
2025-10-14 12:52:39,528 - db_helper - INFO - fetch_expenses_for_date called with 2024-08-01
2025-10-14 12:54:24,976 - db_helper - INFO - fetch_expenses_for_date called with 2024-08-01
2025-10-14 12:55:36,125 - db_helper - INFO - fetch_expenses_for_date called with 2024-08-01
2025-10-14 12:58:57,074 - db_helper - INFO - fetch_expenses_for_date called with 2024-08-01
2025-10-14 12:59:35,636 - db_helper - INFO - fetch_expenses_for_date called with 2024-08-01
2025-10-14 13:00:37,906 - db_helper - INFO - fetch_expenses_for_date called with 2024-08-01
2025-10-14 13:04:51,493 - db_helper - INFO - fetch_expenses_for_date called with 2024-08-01
2025-10-14 13:05:56,617 - db_helper - INFO - fetch_expenses_for_date called with 2024-08-01
2025-10-14 13:06:11,435 - db_helper - INFO - fetch_expenses_for_date called with 2024-08-01
2025-10-14 13:06:46,368 - db_helper - INFO - fetch_expenses_for_date called with 2024-08-01
2025-10-14 13:08:17,611 - db_helper - INFO - fetch_expenses_for_date called with 2024-08-01
2025-10-14 13:08:49,072 - db_helper - INFO - fetch_expenses_for_date called with 2024-08-01
2025-10-14 13:11:49,388 - db_helper - INFO - fetch_expenses_for_date called with 2024-08-01
2025-10-14 13:13:12,122 - db_helper - INFO - fetch_expenses_for_date called with 2024-08-01
2025-10-14 13:13:25,044 - db_helper - INFO - fetch_expenses_for_date called with 2024-08-01
2025-10-14 13:15:01,844 - db_helper - INFO - fetch_expenses_for_date called with 2024-08-01
2025-10-14 13:16:24,060 - db_helper - INFO - fetch_expenses_for_date called with 2024-08-01
2025-10-14 13:18:56,401 - db_helper - INFO - fetch_expenses_for_date called with 2024-08-02
2025-10-14 13:19:21,901 - db_helper - INFO - fetch_expenses_for_date called with 2024-08-01
2025-10-14 13:20:19,873 - db_helper - INFO - fetch_expenses_for_date called with 2024-08-02
2025-10-14 13:20:27,129 - db_helper - INFO - fetch_expenses_for_date called with 2024-08-03
2025-10-14 13:23:45,339 - db_helper - INFO - fetch_expenses_for_date called with 2024-08-01
2025-10-14 13:23:50,886 - db_helper - INFO - fetch_expenses_for_date called with 2024-08-02
2025-10-14 13:24:16,760 - db_helper - INFO - fetch_expenses_for_date called with 2024-08-02
2025-10-14 13:24:35,505 - db_helper - INFO - fetch_expenses_for_date called with 2024-08-02
2025-10-14 13:25:12,463 - db_helper - INFO - fetch_expenses_for_date called with 2024-08-02
2025-10-14 13:25:22,144 - db_helper - INFO - fetch_expenses_for_date called with 2024-08-01
2025-10-14 13:25:27,231 - db_helper - INFO - fetch_expenses_for_date called with 2024-08-02
2025-10-14 13:31:45,076 - db_helper - INFO - fetch_expenses_for_date called with 2024-08-02
2025-10-14 13:31:53,101 - db_helper - INFO - fetch_expenses_for_date called with 2024-08-01
2025-10-14 13:32:03,966 - db_helper - INFO - fetch_expenses_for_date called with 2024-08-02
2025-10-14 13:36:10,069 - db_helper - INFO - fetch_expenses_for_date called with 2024-08-02
2025-10-14 13:42:42,041 - db_helper - INFO - fetch_expenses_for_date called with 2024-08-02
2025-10-14 13:43:33,300 - db_helper - INFO - fetch_expenses_for_date called with 2024-08-02
2025-10-14 13:43:55,995 - db_helper - INFO - fetch_expenses_for_date called with 2024-08-01
2025-10-14 13:44:01,481 - db_helper - INFO - fetch_expenses_for_date called with 2024-08-02
2025-10-14 13:44:04,432 - db_helper - INFO - fetch_expenses_for_date called with 2024-08-03
2025-10-14 13:44:46,334 - db_helper - INFO - fetch_expenses_for_date called with 2024-08-03
2025-10-14 13:44:53,385 - db_helper - INFO - fetch_expenses_for_date called with 2024-08-01
2025-10-14 13:45:27,697 - db_helper - INFO - fetch_expenses_for_date called with 2024-08-01
2025-10-14 13:48:26,924 - db_helper - INFO - fetch_expenses_for_date called with 2024-08-01
2025-10-14 13:48:37,979 - db_helper - INFO - fetch_expenses_for_date called with 2024-08-02
2025-10-14 13:48:47,062 - db_helper - INFO - fetch_expenses_for_date called with 2024-08-01
2025-10-14 13:48:50,378 - db_helper - INFO - fetch_expenses_for_date called with 2024-08-02
2025-10-14 13:59:20,195 - db_helper - INFO - fetch_expenses_for_date called with 2024-08-03
2025-10-14 13:59:26,159 - db_helper - INFO - fetch_expenses_for_date called with 2024-08-03
2025-10-14 14:00:02,584 - db_helper - INFO - fetch_expenses_for_date called with 2024-08-01
2025-10-14 14:00:07,005 - db_helper - INFO - fetch_expenses_for_date called with 2024-08-02
2025-10-14 14:01:59,657 - db_helper - INFO - fetch_expenses_for_date called with 2024-08-02
2025-10-14 14:02:06,040 - db_helper - INFO - fetch_expenses_for_date called with 2024-08-01
2025-10-14 14:02:08,941 - db_helper - INFO - fetch_expenses_for_date called with 2024-08-02
2025-10-14 14:08:41,512 - db_helper - INFO - fetch_expenses_for_date called with 2024-08-02
2025-10-14 14:09:13,417 - db_helper - INFO - fetch_expenses_for_date called with 2024-08-01
2025-10-14 14:09:16,040 - db_helper - INFO - fetch_expenses_for_date called with 2024-08-01
2025-10-14 14:09:26,712 - db_helper - INFO - fetch_expenses_for_date called with 2024-08-03
2025-10-14 14:09:31,486 - db_helper - INFO - fetch_expenses_for_date called with 2024-08-01
2025-10-14 14:11:58,818 - db_helper - INFO - fetch_expenses_for_date called with 2024-08-01
2025-10-14 14:12:09,805 - db_helper - INFO - fetch_expenses_for_date called with 2024-08-02
2025-10-14 14:12:43,925 - db_helper - INFO - fetch_expenses_for_date called with 2024-08-02
2025-10-14 14:13:02,149 - db_helper - INFO - fetch_expenses_for_date called with 2024-08-02
2025-10-14 14:13:12,510 - db_helper - INFO - fetch_expenses_for_date called with 2024-08-02
2025-10-14 14:13:19,056 - db_helper - INFO - fetch_expenses_for_date called with 2024-08-01
2025-10-14 14:13:26,269 - db_helper - INFO - fetch_expenses_for_date called with 2024-08-03
2025-10-14 14:13:33,463 - db_helper - INFO - fetch_expenses_for_date called with 2024-08-01
2025-10-14 14:14:12,454 - db_helper - INFO - fetch_expenses_for_date called with 2025-10-14
2025-10-14 14:16:44,711 - db_helper - INFO - fetch_expenses_for_date called with 2025-10-14
2025-10-14 14:16:52,311 - db_helper - INFO - fetch_expenses_for_date called with 2025-10-01
2025-10-14 14:18:00,444 - db_helper - INFO - fetch_expenses_for_date called with 2024-08-01
2025-10-14 14:18:08,619 - db_helper - INFO - fetch_expenses_for_date called with 2024-08-02
2025-10-14 14:18:24,461 - db_helper - INFO - fetch_expenses_for_date called with 2024-08-01
2025-10-14 14:18:31,175 - db_helper - INFO - fetch_expenses_for_date called with 2024-08-02
2025-10-14 14:19:28,050 - db_helper - INFO - fetch_expenses_for_date called with 2024-08-02
2025-10-14 14:20:01,040 - db_helper - INFO - fetch_expenses_for_date called with 2024-08-02
2025-10-14 14:20:12,672 - db_helper - INFO - fetch_expenses_for_date called with 2024-08-02
2025-10-14 14:20:23,413 - db_helper - INFO - fetch_expenses_for_date called with 2024-08-01
2025-10-14 14:20:35,237 - db_helper - INFO - fetch_expenses_for_date called with 2024-08-09
2025-10-14 14:28:22,720 - db_helper - INFO - fetch_expenses_for_date called with 2024-08-09
2025-10-14 14:28:29,961 - db_helper - INFO - fetch_expenses_for_date called with 2024-08-01
2025-10-14 14:28:41,711 - db_helper - INFO - fetch_expenses_for_date called with 2024-08-02
2025-10-14 14:28:48,585 - db_helper - INFO - fetch_expenses_for_date called with 2024-08-01
2025-10-14 14:29:14,157 - db_helper - INFO - fetch_expenses_for_date called with 2024-08-01
2025-10-14 14:29:18,986 - db_helper - INFO - fetch_expenses_for_date called with 2024-08-02
2025-10-14 14:29:24,528 - db_helper - INFO - fetch_expenses_for_date called with 2024-08-08
2025-10-14 14:29:28,559 - db_helper - INFO - fetch_expenses_for_date called with 2024-08-01
2025-10-14 14:34:03,653 - db_helper - INFO - fetch_expenses_for_date called with 2024-08-01
2025-10-14 14:34:09,198 - db_helper - INFO - fetch_expenses_for_date called with 2024-08-02
2025-10-14 14:34:13,595 - db_helper - INFO - fetch_expenses_for_date called with 2024-08-03
2025-10-14 14:50:02,001 - db_helper - INFO - fetch_expenses_for_date called with 2024-08-01
2025-10-14 14:50:10,701 - db_helper - INFO - fetch_expenses_for_date called with 2024-08-02
2025-10-14 14:50:16,030 - db_helper - INFO - fetch_expenses_for_date called with 2024-08-03
2025-10-14 14:50:39,443 - db_helper - INFO - fetch_expenses_for_date called with 2024-08-03
2025-10-14 14:50:44,934 - db_helper - INFO - fetch_expenses_for_date called with 2024-08-02
2025-10-14 14:50:49,303 - db_helper - INFO - fetch_expenses_for_date called with 2024-08-01
2025-10-14 14:51:54,326 - db_helper - INFO - fetch_expenses_for_date called with 2024-08-07
2025-10-14 15:08:49,889 - db_helper - INFO - fetch_expenses_for_date called with 2024-08-01
2025-10-14 15:09:26,222 - db_helper - INFO - fetch_expenses_for_date called with 2024-08-01
2025-10-14 15:09:30,057 - db_helper - INFO - fetch_expenses_for_date called with 2024-08-02
2025-10-14 15:09:39,875 - db_helper - INFO - fetch_expenses_for_date called with 2024-08-07
2025-10-14 15:09:49,663 - db_helper - INFO - fetch_expenses_for_date called with 2024-08-07
2025-10-14 15:09:51,757 - db_helper - INFO - delete_expenses_for_date called with 2024-08-07
2025-10-14 15:09:51,783 - db_helper - INFO - insert_expenses_for_date called with date:2024-08-07, amount:20, category:Shopping, notes:ASDA
2025-10-14 15:25:03,358 - db_helper - INFO - fetch_expense_summary called with start_date:2024-08-01, end_date:2024-08-05
2025-10-14 15:36:22,385 - db_helper - INFO - fetch_expense_summary called with start_date:2024-08-01, end_date:2024-08-05
2025-10-14 15:37:42,000 - db_helper - INFO - fetch_expense_summary called with start_date:2024-08-01, end_date:2024-08-05
2025-10-14 15:38:18,927 - db_helper - INFO - fetch_expense_summary called with start_date:2024-08-01, end_date:2024-08-05
2025-10-14 15:38:47,994 - db_helper - INFO - fetch_expense_summary called with start_date:2024-08-01, end_date:2024-08-05
2025-10-14 16:16:59,858 - db_helper - INFO - fetch_expenses_for_date called with 2024-08-01
2025-10-14 16:17:28,870 - db_helper - INFO - fetch_expenses_for_date called with 2024-08-01
2025-10-14 16:17:43,111 - db_helper - INFO - fetch_expenses_for_date called with 2024-08-02
2025-10-14 16:18:15,263 - db_helper - INFO - fetch_expenses_for_date called with 2024-08-02
2025-10-14 16:19:37,322 - db_helper - INFO - fetch_expenses_for_date called with 2024-08-02
2025-10-14 16:24:25,571 - db_helper - INFO - fetch_expenses_for_date called with 2024-08-02
2025-10-14 16:25:22,728 - db_helper - INFO - fetch_expenses_for_date called with 2024-08-02
2025-10-14 16:25:51,090 - db_helper - INFO - fetch_expenses_for_date called with 2024-08-02
2025-10-14 16:25:55,263 - db_helper - INFO - fetch_expenses_for_date called with 2024-08-02
2025-10-14 16:25:57,363 - db_helper - INFO - fetch_expense_summary called with start_date:2024-08-01, end_date:2024-08-05
2025-10-14 16:31:14,422 - db_helper - INFO - fetch_expenses_for_date called with 2024-08-02
2025-10-14 16:31:18,494 - db_helper - INFO - fetch_expenses_for_date called with 2024-08-02
2025-10-14 16:31:20,560 - db_helper - INFO - fetch_expense_summary called with start_date:2024-08-01, end_date:2024-08-05
2025-10-14 16:31:59,602 - db_helper - INFO - fetch_expenses_for_date called with 2024-08-02
2025-10-14 16:32:03,676 - db_helper - INFO - fetch_expenses_for_date called with 2024-08-02
2025-10-14 16:32:05,741 - db_helper - INFO - fetch_expense_summary called with start_date:2024-08-01, end_date:2024-08-05
2025-10-14 16:33:57,419 - db_helper - INFO - fetch_expenses_for_date called with 2024-08-02
2025-10-14 16:34:01,617 - db_helper - INFO - fetch_expenses_for_date called with 2024-08-02
2025-10-14 16:34:03,690 - db_helper - INFO - fetch_expense_summary called with start_date:2024-08-01, end_date:2024-08-05
2025-10-14 16:34:41,647 - db_helper - INFO - fetch_expenses_for_date called with 2024-08-02
2025-10-14 16:34:45,641 - db_helper - INFO - fetch_expenses_for_date called with 2024-08-02
2025-10-14 16:34:47,700 - db_helper - INFO - fetch_expense_summary called with start_date:2024-08-01, end_date:2024-08-05
2025-10-14 16:36:24,624 - db_helper - INFO - fetch_expenses_for_date called with 2024-08-02
2025-10-14 16:37:29,434 - db_helper - INFO - fetch_expenses_for_date called with 2024-08-02
2025-10-14 16:37:31,565 - db_helper - INFO - fetch_expense_summary called with start_date:2024-08-01, end_date:2024-08-05
2025-10-14 16:40:10,704 - db_helper - INFO - fetch_expenses_for_date called with 2024-08-02
2025-10-14 16:40:16,502 - db_helper - INFO - fetch_expenses_for_date called with 2024-08-02
2025-10-14 16:40:18,576 - db_helper - INFO - fetch_expense_summary called with start_date:2024-08-01, end_date:2024-08-05
2025-10-14 16:41:07,668 - db_helper - INFO - fetch_expenses_for_date called with 2024-08-02
2025-10-14 16:41:11,617 - db_helper - INFO - fetch_expenses_for_date called with 2024-08-02
2025-10-14 16:41:13,677 - db_helper - INFO - fetch_expense_summary called with start_date:2024-08-01, end_date:2024-08-05
2025-10-14 16:42:51,804 - db_helper - INFO - fetch_expenses_for_date called with 2024-08-02
2025-10-14 16:42:57,068 - db_helper - INFO - fetch_expenses_for_date called with 2024-08-02
2025-10-14 16:42:59,143 - db_helper - INFO - fetch_expense_summary called with start_date:2024-08-01, end_date:2024-08-05
2025-10-14 16:44:40,791 - db_helper - INFO - fetch_expenses_for_date called with 2024-08-02
2025-10-14 16:44:47,160 - db_helper - INFO - fetch_expenses_for_date called with 2024-08-02
2025-10-14 16:44:49,250 - db_helper - INFO - fetch_expense_summary called with start_date:2024-08-01, end_date:2024-08-05
2025-10-14 16:46:14,249 - db_helper - INFO - fetch_expenses_for_date called with 2024-08-02
2025-10-14 16:46:18,333 - db_helper - INFO - fetch_expenses_for_date called with 2024-08-02
2025-10-14 16:46:20,418 - db_helper - INFO - fetch_expense_summary called with start_date:2024-08-01, end_date:2024-08-05
2025-10-14 16:47:00,461 - db_helper - INFO - fetch_expenses_for_date called with 2024-08-02
2025-10-14 18:04:59,766 - db_helper - INFO - fetch_expense_by_month
2025-10-14 18:05:25,963 - db_helper - INFO - fetch_expense_by_month
2025-10-14 18:16:38,662 - db_helper - INFO - fetch_expense_by_month
2025-10-14 18:19:07,035 - db_helper - INFO - fetch_expenses_for_date called with 2024-08-01
2025-10-14 18:19:09,182 - db_helper - INFO - fetch_expense_by_month
2025-10-14 18:24:06,057 - db_helper - INFO - fetch_expense_by_month
2025-10-14 18:24:33,630 - db_helper - INFO - fetch_expense_by_month
2025-10-14 18:25:37,759 - db_helper - INFO - fetch_expense_by_month
2025-10-14 18:28:39,045 - db_helper - INFO - fetch_expenses_for_date called with 2024-08-01
2025-10-14 18:28:41,227 - db_helper - INFO - fetch_expense_by_month
2025-10-14 18:28:46,680 - db_helper - INFO - fetch_expenses_for_date called with 2024-08-01
2025-10-14 18:28:48,749 - db_helper - INFO - fetch_expense_summary called with start_date:2024-08-01, end_date:2024-08-05
2025-10-14 18:28:53,695 - db_helper - INFO - fetch_expense_by_month
2025-10-14 18:46:59,054 - db_helper - INFO - fetch_expenses_for_date called with 2024-08-01
2025-10-14 18:47:01,325 - db_helper - INFO - fetch_expense_by_month
2025-10-14 18:48:09,046 - db_helper - INFO - fetch_expenses_for_date called with 2024-08-01
2025-10-14 18:48:11,139 - db_helper - INFO - fetch_expense_by_month
2025-10-14 18:50:17,368 - db_helper - INFO - fetch_expenses_for_date called with 2024-08-01
2025-10-14 18:50:19,540 - db_helper - INFO - fetch_expense_by_month
2025-10-14 18:53:03,481 - db_helper - INFO - fetch_expenses_for_date called with 2024-08-01
2025-10-14 18:53:06,745 - db_helper - INFO - fetch_expense_by_month
2025-10-14 18:55:41,424 - db_helper - INFO - fetch_expenses_for_date called with 2024-08-01
2025-10-14 18:55:43,625 - db_helper - INFO - fetch_expense_by_month
2025-10-14 18:55:59,810 - db_helper - INFO - fetch_expenses_for_date called with 2024-08-01
2025-10-14 18:56:01,906 - db_helper - INFO - fetch_expense_summary called with start_date:2024-08-01, end_date:2024-08-05
2025-10-14 18:56:03,987 - db_helper - INFO - fetch_expense_by_month
2025-10-14 18:56:20,433 - db_helper - INFO - fetch_expenses_for_date called with 2024-08-01
2025-10-14 18:56:22,516 - db_helper - INFO - fetch_expense_by_month
2025-10-14 18:56:48,279 - db_helper - INFO - fetch_expenses_for_date called with 2024-08-01
2025-10-14 18:56:50,357 - db_helper - INFO - delete_expenses_for_date called with 2024-08-01
2025-10-14 18:56:50,397 - db_helper - INFO - insert_expenses_for_date called with date:2024-08-01, amount:1227, category:Rent, notes:Monthly rent payment
2025-10-14 18:56:50,416 - db_helper - INFO - insert_expenses_for_date called with date:2024-08-01, amount:300, category:Food, notes:Groceries for the week
2025-10-14 18:56:50,437 - db_helper - INFO - insert_expenses_for_date called with date:2024-08-01, amount:1200, category:Rent, notes:Monthly rent payment
2025-10-14 18:56:50,452 - db_helper - INFO - insert_expenses_for_date called with date:2024-08-01, amount:300, category:Food, notes:Groceries for the week
2025-10-14 18:56:50,467 - db_helper - INFO - insert_expenses_for_date called with date:2024-08-01, amount:50, category:Food, notes:McDonld
2025-10-14 18:56:52,519 - db_helper - INFO - fetch_expense_by_month
2025-10-14 18:57:00,800 - db_helper - INFO - fetch_expenses_for_date called with 2024-08-01
2025-10-14 18:57:02,863 - db_helper - INFO - fetch_expense_by_month
2025-10-14 18:57:05,128 - db_helper - INFO - fetch_expenses_for_date called with 2024-08-01
2025-10-14 18:57:07,191 - db_helper - INFO - fetch_expense_by_month
2025-10-14 18:57:22,042 - db_helper - INFO - fetch_expenses_for_date called with 2024-08-01
2025-10-14 18:57:24,129 - db_helper - INFO - fetch_expense_summary called with start_date:2024-08-01, end_date:2024-08-05
2025-10-14 18:57:26,198 - db_helper - INFO - fetch_expense_by_month
